<?xml version="1.0" encoding="UTF-8"?>
<testsuite xmlns:xsi="http://www.w3.org/2001/XMLSchema-instance" xsi:noNamespaceSchemaLocation="https://maven.apache.org/surefire/maven-surefire-plugin/xsd/surefire-test-report.xsd" name="TestSuite" time="74.949" tests="4" errors="0" skipped="0" failures="1">
  <properties>
[...]
</properties>
  <testcase name="login" classname="logic.Reservation" time="3.688"/>
  <testcase name="getWeeklyGrid" classname="logic.Reservation" time="0.239"/>
  <testcase name="findFreeCourt" classname="logic.Reservation" time="13.834"/>
  <testcase name="logout" classname="logic.Reservation" time="0.273">
    <failure message="unknown error: Element &lt;input id=&quot;logged_user_header_form:j_id202&quot; name=&quot;logged_user_header_form:j_id202&quot; type=&quot;submit&quot; value=&quot;Odhlásit&quot; class=&quot;logout-btn&quot;&gt; is not clickable at point (291, 161). Other element would receive the click: &lt;div class=&quot;rich-mpnl-mask-div-opaque rich-mpnl-mask-div&quot; id=&quot;mp_reservationDiv&quot; style=&quot;z-index: 1;&quot;&gt;...&lt;/div&gt;&#10;  (Session info: chrome=61.0.3163.100)&#10;  (Driver info: chromedriver=2.28.455520 (cc17746adff54984afff480136733114c6b3704b),platform=Windows NT 6.1.7601 SP1 x86_64) (WARNING: The server did not provide any stacktrace information)&#10;Command duration or timeout: 126 milliseconds&#10;Build info: version: &apos;3.4.0&apos;, revision: &apos;unknown&apos;, time: &apos;unknown&apos;&#10;System info: host: &apos;MARTIN-PC&apos;, ip: &apos;192.168.0.241&apos;, os.name: &apos;Windows 7&apos;, os.arch: &apos;amd64&apos;, os.version: &apos;6.1&apos;, java.version: &apos;1.8.0_121&apos;&#10;Driver info: org.openqa.selenium.chrome.ChromeDriver&#10;Capabilities [{applicationCacheEnabled=false, rotatable=false, mobileEmulationEnabled=false, networkConnectionEnabled=false, chrome={chromedriverVersion=2.28.455520 (cc17746adff54984afff480136733114c6b3704b), userDataDir=C:\Users\Martin\AppData\Local\Temp\scoped_dir7968_10582}, takesHeapSnapshot=true, pageLoadStrategy=normal, databaseEnabled=false, handlesAlerts=true, hasTouchScreen=false, version=61.0.3163.100, platform=XP, browserConnectionEnabled=false, nativeEvents=true, acceptSslCerts=true, locationContextEnabled=true, webStorageEnabled=true, browserName=chrome, takesScreenshot=true, javascriptEnabled=true, cssSelectorsEnabled=true, unexpectedAlertBehaviour=}]&#10;Session ID: b19b4f3e7d1cbd436c5c8fc2dac21f32" type="org.openqa.selenium.WebDriverException"><![CDATA[org.openqa.selenium.WebDriverException: 
unknown error: Element <input id="logged_user_header_form:j_id202" name="logged_user_header_form:j_id202" type="submit" value="Odhlásit" class="logout-btn"> is not clickable at point (291, 161). Other element would receive the click: <div class="rich-mpnl-mask-div-opaque rich-mpnl-mask-div" id="mp_reservationDiv" style="z-index: 1;">...</div>
  (Session info: chrome=61.0.3163.100)
  (Driver info: chromedriver=2.28.455520 (cc17746adff54984afff480136733114c6b3704b),platform=Windows NT 6.1.7601 SP1 x86_64) (WARNING: The server did not provide any stacktrace information)
Command duration or timeout: 126 milliseconds
Build info: version: '3.4.0', revision: 'unknown', time: 'unknown'
System info: host: 'MARTIN-PC', ip: '192.168.0.241', os.name: 'Windows 7', os.arch: 'amd64', os.version: '6.1', java.version: '1.8.0_121'
Driver info: org.openqa.selenium.chrome.ChromeDriver
Capabilities [{applicationCacheEnabled=false, rotatable=false, mobileEmulationEnabled=false, networkConnectionEnabled=false, chrome={chromedriverVersion=2.28.455520 (cc17746adff54984afff480136733114c6b3704b), userDataDir=C:\Users\Martin\AppData\Local\Temp\scoped_dir7968_10582}, takesHeapSnapshot=true, pageLoadStrategy=normal, databaseEnabled=false, handlesAlerts=true, hasTouchScreen=false, version=61.0.3163.100, platform=XP, browserConnectionEnabled=false, nativeEvents=true, acceptSslCerts=true, locationContextEnabled=true, webStorageEnabled=true, browserName=chrome, takesScreenshot=true, javascriptEnabled=true, cssSelectorsEnabled=true, unexpectedAlertBehaviour=}]
Session ID: b19b4f3e7d1cbd436c5c8fc2dac21f32
	at logic.Reservation.logout(Reservation.java:97)
]]></failure>
  </testcase>
</testsuite>